30820:C 01 Dec 2024 17:59:21.462 # oO0OoO0OoO0Oo Redis is starting oO0OoO0OoO0Oo
30820:C 01 Dec 2024 17:59:21.462 # Redis version=7.0.15, bits=64, commit=00000000, modified=0, pid=30820, just started
30820:C 01 Dec 2024 17:59:21.462 # Configuration loaded
30820:M 01 Dec 2024 17:59:21.464 * Increased maximum number of open files to 10032 (it was originally set to 1024).
30820:M 01 Dec 2024 17:59:21.464 * monotonic clock: POSIX clock_gettime
30820:M 01 Dec 2024 17:59:21.474 * Running mode=standalone, port=13000.
30820:M 01 Dec 2024 17:59:21.474 # Server initialized
30820:M 01 Dec 2024 17:59:21.474 # WARNING Memory overcommit must be enabled! Without it, a background save or replication may fail under low memory condition. Being disabled, it can can also cause failures without low memory condition, see https://github.com/jemalloc/jemalloc/issues/1328. To fix this issue add 'vm.overcommit_memory = 1' to /etc/sysctl.conf and then reboot or run the command 'sysctl vm.overcommit_memory=1' for this to take effect.
30820:M 01 Dec 2024 17:59:21.487 * Ready to accept connections
1388:C 01 Dec 2024 18:32:49.427 # oO0OoO0OoO0Oo Redis is starting oO0OoO0OoO0Oo
1388:C 01 Dec 2024 18:32:49.428 # Redis version=7.0.15, bits=64, commit=00000000, modified=0, pid=1388, just started
1388:C 01 Dec 2024 18:32:49.428 # Configuration loaded
1388:M 01 Dec 2024 18:32:49.431 * Increased maximum number of open files to 10032 (it was originally set to 1024).
1388:M 01 Dec 2024 18:32:49.431 * monotonic clock: POSIX clock_gettime
1388:M 01 Dec 2024 18:32:49.454 * Running mode=standalone, port=13000.
1388:M 01 Dec 2024 18:32:49.454 # Server initialized
1388:M 01 Dec 2024 18:32:49.464 # WARNING Memory overcommit must be enabled! Without it, a background save or replication may fail under low memory condition. Being disabled, it can can also cause failures without low memory condition, see https://github.com/jemalloc/jemalloc/issues/1328. To fix this issue add 'vm.overcommit_memory = 1' to /etc/sysctl.conf and then reboot or run the command 'sysctl vm.overcommit_memory=1' for this to take effect.
1388:M 01 Dec 2024 18:32:49.484 * Ready to accept connections
1412:C 01 Dec 2024 19:18:09.858 # oO0OoO0OoO0Oo Redis is starting oO0OoO0OoO0Oo
1412:C 01 Dec 2024 19:18:09.858 # Redis version=7.0.15, bits=64, commit=00000000, modified=0, pid=1412, just started
1412:C 01 Dec 2024 19:18:09.858 # Configuration loaded
1412:M 01 Dec 2024 19:18:09.867 * Increased maximum number of open files to 10032 (it was originally set to 1024).
1412:M 01 Dec 2024 19:18:09.867 * monotonic clock: POSIX clock_gettime
1412:M 01 Dec 2024 19:18:09.905 * Running mode=standalone, port=13000.
1412:M 01 Dec 2024 19:18:09.905 # Server initialized
1412:M 01 Dec 2024 19:18:09.905 # WARNING Memory overcommit must be enabled! Without it, a background save or replication may fail under low memory condition. Being disabled, it can can also cause failures without low memory condition, see https://github.com/jemalloc/jemalloc/issues/1328. To fix this issue add 'vm.overcommit_memory = 1' to /etc/sysctl.conf and then reboot or run the command 'sysctl vm.overcommit_memory=1' for this to take effect.
1412:M 01 Dec 2024 19:18:09.939 * Ready to accept connections
1489:C 02 Dec 2024 01:15:17.951 # oO0OoO0OoO0Oo Redis is starting oO0OoO0OoO0Oo
1489:C 02 Dec 2024 01:15:17.951 # Redis version=7.0.15, bits=64, commit=00000000, modified=0, pid=1489, just started
1489:C 02 Dec 2024 01:15:17.951 # Configuration loaded
1489:M 02 Dec 2024 01:15:17.951 * Increased maximum number of open files to 10032 (it was originally set to 1024).
1489:M 02 Dec 2024 01:15:17.951 * monotonic clock: POSIX clock_gettime
1489:M 02 Dec 2024 01:15:17.993 * Running mode=standalone, port=13000.
1489:M 02 Dec 2024 01:15:17.993 # Server initialized
1489:M 02 Dec 2024 01:15:17.993 # WARNING Memory overcommit must be enabled! Without it, a background save or replication may fail under low memory condition. Being disabled, it can can also cause failures without low memory condition, see https://github.com/jemalloc/jemalloc/issues/1328. To fix this issue add 'vm.overcommit_memory = 1' to /etc/sysctl.conf and then reboot or run the command 'sysctl vm.overcommit_memory=1' for this to take effect.
1489:M 02 Dec 2024 01:15:18.008 * Ready to accept connections
1416:C 02 Dec 2024 01:37:50.348 # oO0OoO0OoO0Oo Redis is starting oO0OoO0OoO0Oo
1416:C 02 Dec 2024 01:37:50.351 # Redis version=7.0.15, bits=64, commit=00000000, modified=0, pid=1416, just started
1416:C 02 Dec 2024 01:37:50.351 # Configuration loaded
1416:M 02 Dec 2024 01:37:50.359 * Increased maximum number of open files to 10032 (it was originally set to 1024).
1416:M 02 Dec 2024 01:37:50.359 * monotonic clock: POSIX clock_gettime
1416:M 02 Dec 2024 01:37:50.381 * Running mode=standalone, port=13000.
1416:M 02 Dec 2024 01:37:50.390 # Server initialized
1416:M 02 Dec 2024 01:37:50.393 # WARNING Memory overcommit must be enabled! Without it, a background save or replication may fail under low memory condition. Being disabled, it can can also cause failures without low memory condition, see https://github.com/jemalloc/jemalloc/issues/1328. To fix this issue add 'vm.overcommit_memory = 1' to /etc/sysctl.conf and then reboot or run the command 'sysctl vm.overcommit_memory=1' for this to take effect.
1416:M 02 Dec 2024 01:37:50.396 * Ready to accept connections
1441:C 02 Dec 2024 04:41:11.325 # oO0OoO0OoO0Oo Redis is starting oO0OoO0OoO0Oo
1441:C 02 Dec 2024 04:41:11.325 # Redis version=7.0.15, bits=64, commit=00000000, modified=0, pid=1441, just started
1441:C 02 Dec 2024 04:41:11.325 # Configuration loaded
1441:M 02 Dec 2024 04:41:11.331 * Increased maximum number of open files to 10032 (it was originally set to 1024).
1441:M 02 Dec 2024 04:41:11.331 * monotonic clock: POSIX clock_gettime
1441:M 02 Dec 2024 04:41:11.367 * Running mode=standalone, port=13000.
1441:M 02 Dec 2024 04:41:11.371 # Server initialized
1441:M 02 Dec 2024 04:41:11.371 # WARNING Memory overcommit must be enabled! Without it, a background save or replication may fail under low memory condition. Being disabled, it can can also cause failures without low memory condition, see https://github.com/jemalloc/jemalloc/issues/1328. To fix this issue add 'vm.overcommit_memory = 1' to /etc/sysctl.conf and then reboot or run the command 'sysctl vm.overcommit_memory=1' for this to take effect.
1441:M 02 Dec 2024 04:41:11.385 * Ready to accept connections
1477:C 03 Dec 2024 01:29:50.007 # oO0OoO0OoO0Oo Redis is starting oO0OoO0OoO0Oo
1477:C 03 Dec 2024 01:29:50.007 # Redis version=7.0.15, bits=64, commit=00000000, modified=0, pid=1477, just started
1477:C 03 Dec 2024 01:29:50.007 # Configuration loaded
1477:M 03 Dec 2024 01:29:50.010 * Increased maximum number of open files to 10032 (it was originally set to 1024).
1477:M 03 Dec 2024 01:29:50.010 * monotonic clock: POSIX clock_gettime
1477:M 03 Dec 2024 01:29:50.044 * Running mode=standalone, port=13000.
1477:M 03 Dec 2024 01:29:50.044 # Server initialized
1477:M 03 Dec 2024 01:29:50.044 # WARNING Memory overcommit must be enabled! Without it, a background save or replication may fail under low memory condition. Being disabled, it can can also cause failures without low memory condition, see https://github.com/jemalloc/jemalloc/issues/1328. To fix this issue add 'vm.overcommit_memory = 1' to /etc/sysctl.conf and then reboot or run the command 'sysctl vm.overcommit_memory=1' for this to take effect.
1477:M 03 Dec 2024 01:29:50.055 * Ready to accept connections
1457:C 03 Dec 2024 07:27:09.359 # oO0OoO0OoO0Oo Redis is starting oO0OoO0OoO0Oo
1457:C 03 Dec 2024 07:27:09.359 # Redis version=7.0.15, bits=64, commit=00000000, modified=0, pid=1457, just started
1457:C 03 Dec 2024 07:27:09.359 # Configuration loaded
1457:M 03 Dec 2024 07:27:09.385 * Increased maximum number of open files to 10032 (it was originally set to 1024).
1457:M 03 Dec 2024 07:27:09.385 * monotonic clock: POSIX clock_gettime
1457:M 03 Dec 2024 07:27:09.419 * Running mode=standalone, port=13000.
1457:M 03 Dec 2024 07:27:09.419 # Server initialized
1457:M 03 Dec 2024 07:27:09.419 # WARNING Memory overcommit must be enabled! Without it, a background save or replication may fail under low memory condition. Being disabled, it can can also cause failures without low memory condition, see https://github.com/jemalloc/jemalloc/issues/1328. To fix this issue add 'vm.overcommit_memory = 1' to /etc/sysctl.conf and then reboot or run the command 'sysctl vm.overcommit_memory=1' for this to take effect.
1457:M 03 Dec 2024 07:27:09.450 * Ready to accept connections
1481:C 03 Dec 2024 07:46:36.559 # oO0OoO0OoO0Oo Redis is starting oO0OoO0OoO0Oo
1481:C 03 Dec 2024 07:46:36.559 # Redis version=7.0.15, bits=64, commit=00000000, modified=0, pid=1481, just started
1481:C 03 Dec 2024 07:46:36.559 # Configuration loaded
1481:M 03 Dec 2024 07:46:36.559 * Increased maximum number of open files to 10032 (it was originally set to 1024).
1481:M 03 Dec 2024 07:46:36.559 * monotonic clock: POSIX clock_gettime
1481:M 03 Dec 2024 07:46:36.585 * Running mode=standalone, port=13000.
1481:M 03 Dec 2024 07:46:36.585 # Server initialized
1481:M 03 Dec 2024 07:46:36.585 # WARNING Memory overcommit must be enabled! Without it, a background save or replication may fail under low memory condition. Being disabled, it can can also cause failures without low memory condition, see https://github.com/jemalloc/jemalloc/issues/1328. To fix this issue add 'vm.overcommit_memory = 1' to /etc/sysctl.conf and then reboot or run the command 'sysctl vm.overcommit_memory=1' for this to take effect.
1481:M 03 Dec 2024 07:46:36.625 * Ready to accept connections
1473:C 03 Dec 2024 08:10:50.562 # oO0OoO0OoO0Oo Redis is starting oO0OoO0OoO0Oo
1473:C 03 Dec 2024 08:10:50.562 # Redis version=7.0.15, bits=64, commit=00000000, modified=0, pid=1473, just started
1473:C 03 Dec 2024 08:10:50.562 # Configuration loaded
1473:M 03 Dec 2024 08:10:50.570 * Increased maximum number of open files to 10032 (it was originally set to 1024).
1473:M 03 Dec 2024 08:10:50.570 * monotonic clock: POSIX clock_gettime
1473:M 03 Dec 2024 08:10:50.598 * Running mode=standalone, port=13000.
1473:M 03 Dec 2024 08:10:50.598 # Server initialized
1473:M 03 Dec 2024 08:10:50.598 # WARNING Memory overcommit must be enabled! Without it, a background save or replication may fail under low memory condition. Being disabled, it can can also cause failures without low memory condition, see https://github.com/jemalloc/jemalloc/issues/1328. To fix this issue add 'vm.overcommit_memory = 1' to /etc/sysctl.conf and then reboot or run the command 'sysctl vm.overcommit_memory=1' for this to take effect.
1473:M 03 Dec 2024 08:10:50.610 * Ready to accept connections
